<?xml version="1.0" encoding="UTF-8"?>
<testsuite xmlns:xsi="http://www.w3.org/2001/XMLSchema-instance" xsi:noNamespaceSchemaLocation="https://maven.apache.org/surefire/maven-surefire-plugin/xsd/surefire-test-report-3.0.xsd" version="3.0" name="com.slgames.store.controllers.UserControllerUnitTest" time="0.661" tests="4" errors="0" skipped="0" failures="0">
  <properties>
[...]
</properties>
  <testcase name="testInsertUserReturnCreated" classname="com.slgames.store.controllers.UserControllerUnitTest" time="0.038">
    <system-out><![CDATA[2024-05-31T14:15:57.001-03:00  INFO 15696 --- [Slgames] [           main] t.c.s.AnnotationConfigContextLoaderUtils : Could not detect default configuration classes for test class [com.slgames.store.controllers.UserControllerUnitTest]: UserControllerUnitTest does not declare any static, non-private, non-final, nested classes annotated with @Configuration.
2024-05-31T14:15:57.015-03:00  INFO 15696 --- [Slgames] [           main] .b.t.c.SpringBootTestContextBootstrapper : Found @SpringBootConfiguration com.slgames.store.Application for test class com.slgames.store.controllers.UserControllerUnitTest
2024-05-31T14:15:57.021-03:00  INFO 15696 --- [Slgames] [           main] o.s.b.d.r.RestartApplicationListener     : Restart disabled due to context in which it is running

  .   ____          _            __ _ _
 /\\ / ___'_ __ _ _(_)_ __  __ _ \ \ \ \
( ( )\___ | '_ | '_| | '_ \/ _` | \ \ \ \
 \\/  ___)| |_)| | | | | || (_| |  ) ) ) )
  '  |____| .__|_| |_|_| |_\__, | / / / /
 =========|_|==============|___/=/_/_/_/
 :: Spring Boot ::                (v3.2.4)

2024-05-31T14:15:57.051-03:00  INFO 15696 --- [Slgames] [           main] c.s.s.c.UserControllerUnitTest           : Starting UserControllerUnitTest using Java 21.0.2 with PID 15696 (started by Nicol in C:\Users\Nicol\OneDrive\Documentos\Programacao\Projetos\slgames\slgames.store)
2024-05-31T14:15:57.051-03:00  INFO 15696 --- [Slgames] [           main] c.s.s.c.UserControllerUnitTest           : The following 1 profile is active: "test"
2024-05-31T14:15:57.584-03:00  INFO 15696 --- [Slgames] [           main] o.s.b.t.m.w.SpringBootMockServletContext : Initializing Spring TestDispatcherServlet ''
2024-05-31T14:15:57.585-03:00  INFO 15696 --- [Slgames] [           main] o.s.t.web.servlet.TestDispatcherServlet  : Initializing Servlet ''
2024-05-31T14:15:57.585-03:00  INFO 15696 --- [Slgames] [           main] o.s.t.web.servlet.TestDispatcherServlet  : Completed initialization in 0 ms
2024-05-31T14:15:57.589-03:00  INFO 15696 --- [Slgames] [           main] c.s.s.c.UserControllerUnitTest           : Started UserControllerUnitTest in 0.569 seconds (process running for 12.851)
]]></system-out>
  </testcase>
  <testcase name="testUpdateUserReturnOk" classname="com.slgames.store.controllers.UserControllerUnitTest" time="0.01"/>
  <testcase name="testInsertUserReturnBadRequestWhenRoleADMIsSet" classname="com.slgames.store.controllers.UserControllerUnitTest" time="0.008"/>
  <testcase name="testDeleteUserReturnStatusCodeNoContent" classname="com.slgames.store.controllers.UserControllerUnitTest" time="0.005"/>
</testsuite>